[    0.000000] Initializing cgroup subsys cpuset
[    0.000000] Initializing cgroup subsys cpu
[    0.000000] Initializing cgroup subsys cpuacct
[    0.000000] Linux version 4.4.0-161-generic (buildd@lcy01-amd64-018) (gcc version 5.4.0 20160609 (Ubuntu 5.4.0-6ubuntu1~16.04.10) ) #189-Ubuntu SMP Tue Aug 27 08:10:16 UTC 2019 (Ubuntu 4.4.0-161.189-generic 4.4.186)
[    0.000000] Command line: BOOT_IMAGE=/boot/vmlinuz-4.4.0-161-generic root=LABEL=cloudimg-rootfs ro console=tty1 console=ttyS0
[    0.000000] KERNEL supported cpus:
[    0.000000]   Intel GenuineIntel
[    0.000000]   AMD AuthenticAMD
[    0.000000]   Centaur CentaurHauls
[    0.000000] x86/fpu: xstate_offset[2]:  576, xstate_sizes[2]:  256
[    0.000000] x86/fpu: Supporting XSAVE feature 0x01: 'x87 floating point registers'
[    0.000000] x86/fpu: Supporting XSAVE feature 0x02: 'SSE registers'
[    0.000000] x86/fpu: Supporting XSAVE feature 0x04: 'AVX registers'
[    0.000000] x86/fpu: Enabled xstate features 0x7, context size is 832 bytes, using 'standard' format.
[    0.000000] e820: BIOS-provided physical RAM map:
[    0.000000] BIOS-e820: [mem 0x0000000000000000-0x000000000009fbff] usable
[    0.000000] BIOS-e820: [mem 0x000000000009fc00-0x000000000009ffff] reserved
[    0.000000] BIOS-e820: [mem 0x00000000000f0000-0x00000000000fffff] reserved
[    0.000000] BIOS-e820: [mem 0x0000000000100000-0x000000003ffeffff] usable
[    0.000000] BIOS-e820: [mem 0x000000003fff0000-0x000000003fffffff] ACPI data
[    0.000000] BIOS-e820: [mem 0x00000000fec00000-0x00000000fec00fff] reserved
[    0.000000] BIOS-e820: [mem 0x00000000fee00000-0x00000000fee00fff] reserved
[    0.000000] BIOS-e820: [mem 0x00000000fffc0000-0x00000000ffffffff] reserved
[    0.000000] NX (Execute Disable) protection: active
[    0.000000] SMBIOS 2.5 present.
[    0.000000] Hypervisor detected: KVM
[    0.000000] e820: last_pfn = 0x3fff0 max_arch_pfn = 0x400000000
[    0.000000] MTRR: Disabled
[    0.000000] x86/PAT: MTRRs disabled, skipping PAT initialization too.
[    0.000000] CPU MTRRs all blank - virtualized system.
[    0.000000] x86/PAT: Configuration [0-7]: WB  WT  UC- UC  WB  WT  UC- UC  
[    0.000000] found SMP MP-table at [mem 0x0009fff0-0x0009ffff] mapped at [ffff88000009fff0]
[    0.000000] Scanning 1 areas for low memory corruption
[    0.000000] RAMDISK: [mem 0x362fa000-0x37174fff]
[    0.000000] ACPI: Early table checksum verification disabled
[    0.000000] ACPI: RSDP 0x00000000000E0000 000024 (v02 VBOX  )
[    0.000000] ACPI: XSDT 0x000000003FFF0030 00003C (v01 VBOX   VBOXXSDT 00000001 ASL  00000061)
[    0.000000] ACPI: FACP 0x000000003FFF00F0 0000F4 (v04 VBOX   VBOXFACP 00000001 ASL  00000061)
[    0.000000] ACPI: DSDT 0x000000003FFF0470 0022EA (v02 VBOX   VBOXBIOS 00000002 INTL 20100528)
[    0.000000] ACPI: FACS 0x000000003FFF0200 000040
[    0.000000] ACPI: FACS 0x000000003FFF0200 000040
[    0.000000] ACPI: APIC 0x000000003FFF0240 00005C (v02 VBOX   VBOXAPIC 00000001 ASL  00000061)
[    0.000000] ACPI: SSDT 0x000000003FFF02A0 0001CC (v01 VBOX   VBOXCPUT 00000002 INTL 20100528)
[    0.000000] No NUMA configuration found
[    0.000000] Faking a node at [mem 0x0000000000000000-0x000000003ffeffff]
[    0.000000] NODE_DATA(0) allocated [mem 0x3ffeb000-0x3ffeffff]
[    0.000000] kvm-clock: Using msrs 4b564d01 and 4b564d00
[    0.000000] kvm-clock: cpu 0, msr 0:3ffe3001, primary cpu clock
[    0.000000] kvm-clock: using sched offset of 7328992207 cycles
[    0.000000] clocksource: kvm-clock: mask: 0xffffffffffffffff max_cycles: 0x1cd42e4dffb, max_idle_ns: 881590591483 ns
[    0.000000] Zone ranges:
[    0.000000]   DMA      [mem 0x0000000000001000-0x0000000000ffffff]
[    0.000000]   DMA32    [mem 0x0000000001000000-0x000000003ffeffff]
[    0.000000]   Normal   empty
[    0.000000]   Device   empty
[    0.000000] Movable zone start for each node
[    0.000000] Early memory node ranges
[    0.000000]   node   0: [mem 0x0000000000001000-0x000000000009efff]
[    0.000000]   node   0: [mem 0x0000000000100000-0x000000003ffeffff]
[    0.000000] Initmem setup node 0 [mem 0x0000000000001000-0x000000003ffeffff]
[    0.000000] ACPI: PM-Timer IO Port: 0x4008
[    0.000000] IOAPIC[0]: apic_id 2, version 32, address 0xfec00000, GSI 0-23
[    0.000000] ACPI: INT_SRC_OVR (bus 0 bus_irq 0 global_irq 2 dfl dfl)
[    0.000000] ACPI: INT_SRC_OVR (bus 0 bus_irq 9 global_irq 9 low level)
[    0.000000] Using ACPI (MADT) for SMP configuration information
[    0.000000] smpboot: Allowing 2 CPUs, 0 hotplug CPUs
[    0.000000] PM: Registered nosave memory: [mem 0x00000000-0x00000fff]
[    0.000000] PM: Registered nosave memory: [mem 0x0009f000-0x0009ffff]
[    0.000000] PM: Registered nosave memory: [mem 0x000a0000-0x000effff]
[    0.000000] PM: Registered nosave memory: [mem 0x000f0000-0x000fffff]
[    0.000000] e820: [mem 0x40000000-0xfebfffff] available for PCI devices
[    0.000000] Booting paravirtualized kernel on KVM
[    0.000000] clocksource: refined-jiffies: mask: 0xffffffff max_cycles: 0xffffffff, max_idle_ns: 7645519600211568 ns
[    0.000000] setup_percpu: NR_CPUS:512 nr_cpumask_bits:512 nr_cpu_ids:2 nr_node_ids:1
[    0.000000] PERCPU: Embedded 34 pages/cpu @ffff88003fc00000 s99544 r8192 d31528 u1048576
[    0.000000] Built 1 zonelists in Node order, mobility grouping on.  Total pages: 257912
[    0.000000] Policy zone: DMA32
[    0.000000] Kernel command line: BOOT_IMAGE=/boot/vmlinuz-4.4.0-161-generic root=LABEL=cloudimg-rootfs ro console=tty1 console=ttyS0
[    0.000000] PID hash table entries: 4096 (order: 3, 32768 bytes)
[    0.000000] Memory: 997728K/1048120K available (8622K kernel code, 1335K rwdata, 4032K rodata, 1488K init, 1284K bss, 50392K reserved, 0K cma-reserved)
[    0.000000] SLUB: HWalign=64, Order=0-3, MinObjects=0, CPUs=2, Nodes=1
[    0.000000] Kernel/User page tables isolation: enabled
[    0.000000] Hierarchical RCU implementation.
[    0.000000] 	Build-time adjustment of leaf fanout to 64.
[    0.000000] 	RCU restricting CPUs from NR_CPUS=512 to nr_cpu_ids=2.
[    0.000000] RCU: Adjusting geometry for rcu_fanout_leaf=64, nr_cpu_ids=2
[    0.000000] NR_IRQS:33024 nr_irqs:440 16
[    0.000000] Console: colour VGA+ 80x25
[    0.000000] console [tty1] enabled
[    0.000000] console [ttyS0] enabled
[    0.000000] tsc: Detected 2591.592 MHz processor
[    0.387584] Calibrating delay loop (skipped) preset value.. 5183.18 BogoMIPS (lpj=10366368)
[    0.391511] pid_max: default: 32768 minimum: 301
[    0.393630] ACPI: Core revision 20150930
[    0.399564] ACPI: 2 ACPI AML tables successfully acquired and loaded
[    0.402497] Security Framework initialized
[    0.404802] Yama: becoming mindful.
[    0.407012] AppArmor: AppArmor initialized
[    0.409550] Dentry cache hash table entries: 131072 (order: 8, 1048576 bytes)
[    0.414633] Inode-cache hash table entries: 65536 (order: 7, 524288 bytes)
[    0.417872] Mount-cache hash table entries: 2048 (order: 2, 16384 bytes)
[    0.420633] Mountpoint-cache hash table entries: 2048 (order: 2, 16384 bytes)
[    0.423980] Initializing cgroup subsys io
[    0.425928] Initializing cgroup subsys memory
[    0.427940] Initializing cgroup subsys devices
[    0.429977] Initializing cgroup subsys freezer
[    0.431972] Initializing cgroup subsys net_cls
[    0.434361] Initializing cgroup subsys perf_event
[    0.436935] Initializing cgroup subsys net_prio
[    0.439815] Initializing cgroup subsys hugetlb
[    0.441859] Initializing cgroup subsys pids
[    0.444354] mce: CPU supports 0 MCE banks
[    0.446354] Last level iTLB entries: 4KB 512, 2MB 8, 4MB 8
[    0.448776] Last level dTLB entries: 4KB 512, 2MB 32, 4MB 32, 1GB 0
[    0.459123] Spectre V1 : Mitigation: usercopy/swapgs barriers and __user pointer sanitization
[    0.468450] Spectre V2 : Mitigation: Full generic retpoline
[    0.473991] Spectre V2 : Spectre v2 / SpectreRSB mitigation: Filling RSB on context switch
[    0.480992] Speculative Store Bypass: Vulnerable
[    0.484066] MDS: Vulnerable: Clear CPU buffers attempted, no microcode
[    0.494866] Freeing SMP alternatives memory: 36K
[    0.526627] ftrace: allocating 32318 entries in 127 pages
[    0.651900] smpboot: APIC(0) Converting physical 0 to logical package 0
[    0.654714] smpboot: Max logical packages: 1
[    0.657442] x2apic enabled
[    0.659608] Switched APIC routing to physical x2apic.
[    0.664796] ..TIMER: vector=0x30 apic1=0 pin1=2 apic2=-1 pin2=-1
[    0.772972] smpboot: CPU0: Intel(R) Core(TM) i5-3320M CPU @ 2.60GHz (family: 0x6, model: 0x3a, stepping: 0x9)
[    0.777582] Performance Events: unsupported p6 CPU model 58 no PMU driver, software events only.
[    0.799548] KVM setup paravirtual spinlock
[    0.802485] x86: Booting SMP configuration:
[    0.804445] .... node  #0, CPUs:      #1
[    0.806369] kvm-clock: cpu 1, msr 0:3ffe3041, secondary cpu clock
[    0.809632] mce: CPU supports 0 MCE banks
[    0.812993] x86: Booted up 1 node, 2 CPUs
[    0.815583] smpboot: Total of 2 processors activated (10366.36 BogoMIPS)
[    0.819332] devtmpfs: initialized
[    0.833084] evm: security.selinux
[    0.834976] evm: security.SMACK64
[    0.836652] evm: security.SMACK64EXEC
[    0.838467] evm: security.SMACK64TRANSMUTE
[    0.840377] evm: security.SMACK64MMAP
[    0.842206] evm: security.ima
[    0.843765] evm: security.capability
[    0.845986] clocksource: jiffies: mask: 0xffffffff max_cycles: 0xffffffff, max_idle_ns: 7645041785100000 ns
[    0.850436] futex hash table entries: 512 (order: 3, 32768 bytes)
[    0.853347] pinctrl core: initialized pinctrl subsystem
[    0.855913] RTC time: 15:29:55, date: 11/27/19
[    0.858296] NET: Registered protocol family 16
[    0.870546] cpuidle: using governor ladder
[    0.882548] cpuidle: using governor menu
[    0.884496] PCCT header not found.
[    0.886481] ACPI: bus type PCI registered
[    0.888414] acpiphp: ACPI Hot Plug PCI Controller Driver version: 0.5
[    0.891398] PCI: Using configuration type 1 for base access
[    0.910281] ACPI: Added _OSI(Module Device)
[    0.912237] ACPI: Added _OSI(Processor Device)
[    0.914319] ACPI: Added _OSI(3.0 _SCP Extensions)
[    0.916392] ACPI: Added _OSI(Processor Aggregator Device)
[    0.920372] ACPI: Executed 1 blocks of module-level executable AML code
[    0.929311] ACPI: Interpreter enabled
[    0.931163] ACPI: (supports S0 S5)
[    0.932969] ACPI: Using IOAPIC for interrupt routing
[    0.935718] PCI: Using host bridge windows from ACPI; if necessary, use "pci=nocrs" and report a bug
[    0.949375] ACPI: PCI Root Bridge [PCI0] (domain 0000 [bus 00-ff])
[    0.951971] acpi PNP0A03:00: _OSC: OS supports [ASPM ClockPM Segments MSI]
[    0.955796] acpi PNP0A03:00: _OSC: not requesting OS control; OS requires [ExtendedConfig ASPM ClockPM MSI]
[    0.960246] acpi PNP0A03:00: fail to add MMCONFIG information, can't access extended PCI configuration space under this bridge.
[    0.965731] PCI host bridge to bus 0000:00
[    0.967762] pci_bus 0000:00: root bus resource [io  0x0000-0x0cf7 window]
[    0.970778] pci_bus 0000:00: root bus resource [io  0x0d00-0xffff window]
[    0.973552] pci_bus 0000:00: root bus resource [mem 0x000a0000-0x000bffff window]
[    0.977153] pci_bus 0000:00: root bus resource [mem 0x40000000-0xfdffffff window]
[    0.980760] pci_bus 0000:00: root bus resource [bus 00-ff]
[    0.986449] pci 0000:00:01.1: legacy IDE quirk: reg 0x10: [io  0x01f0-0x01f7]
[    0.989272] pci 0000:00:01.1: legacy IDE quirk: reg 0x14: [io  0x03f6]
[    0.992117] pci 0000:00:01.1: legacy IDE quirk: reg 0x18: [io  0x0170-0x0177]
[    0.995016] pci 0000:00:01.1: legacy IDE quirk: reg 0x1c: [io  0x0376]
[    1.051332] pci 0000:00:07.0: quirk: [io  0x4000-0x403f] claimed by PIIX4 ACPI
[    1.054980] pci 0000:00:07.0: quirk: [io  0x4100-0x410f] claimed by PIIX4 SMB
[    1.067518] ACPI: PCI Interrupt Link [LNKA] (IRQs 5 9 10 *11)
[    1.071524] ACPI: PCI Interrupt Link [LNKB] (IRQs 5 9 *10 11)
[    1.075029] ACPI: PCI Interrupt Link [LNKC] (IRQs 5 *9 10 11)
[    1.078521] ACPI: PCI Interrupt Link [LNKD] (IRQs 5 9 10 *11)
[    1.082083] ACPI: Enabled 2 GPEs in block 00 to 07
[    1.085172] vgaarb: setting as boot device: PCI:0000:00:02.0
[    1.087615] vgaarb: device added: PCI:0000:00:02.0,decodes=io+mem,owns=io+mem,locks=none
[    1.091505] vgaarb: loaded
[    1.093149] vgaarb: bridge control possible 0000:00:02.0
[    1.096063] SCSI subsystem initialized
[    1.098275] ACPI: bus type USB registered
[    1.100355] usbcore: registered new interface driver usbfs
[    1.102752] usbcore: registered new interface driver hub
[    1.105070] usbcore: registered new device driver usb
[    1.107722] PCI: Using ACPI for IRQ routing
[    1.110286] NetLabel: Initializing
[    1.112102] NetLabel:  domain hash size = 128
[    1.114171] NetLabel:  protocols = UNLABELED CIPSOv4
[    1.118117] NetLabel:  unlabeled traffic allowed by default
[    1.120867] amd_nb: Cannot enumerate AMD northbridges
[    1.123123] clocksource: Switched to clocksource kvm-clock
[    1.144384] AppArmor: AppArmor Filesystem Enabled
[    1.146703] pnp: PnP ACPI init
[    1.150094] pnp: PnP ACPI: found 3 devices
[    1.165770] clocksource: acpi_pm: mask: 0xffffff max_cycles: 0xffffff, max_idle_ns: 2085701024 ns
[    1.169961] NET: Registered protocol family 2
[    1.172247] TCP established hash table entries: 8192 (order: 4, 65536 bytes)
[    1.175129] TCP bind hash table entries: 8192 (order: 5, 131072 bytes)
[    1.177902] TCP: Hash tables configured (established 8192 bind 8192)
[    1.180605] UDP hash table entries: 512 (order: 2, 16384 bytes)
[    1.183054] UDP-Lite hash table entries: 512 (order: 2, 16384 bytes)
[    1.185834] NET: Registered protocol family 1
[    1.188171] pci 0000:00:00.0: Limiting direct PCI/PCI transfers
[    1.190689] pci 0000:00:01.0: Activating ISA DMA hang workarounds
[    1.193535] Unpacking initramfs...
[    1.691018] Freeing initrd memory: 14828K
[    1.693271] RAPL PMU detected, API unit is 2^-32 Joules, 3 fixed counters 10737418240 ms ovfl timer
[    1.697555] hw unit of domain pp0-core 2^-0 Joules
[    1.699747] hw unit of domain package 2^-0 Joules
[    1.701907] hw unit of domain pp1-gpu 2^-0 Joules
[    1.704355] clocksource: tsc: mask: 0xffffffffffffffff max_cycles: 0x255b3569007, max_idle_ns: 440795215911 ns
[    1.708671] platform rtc_cmos: registered platform RTC device (no PNP device found)
[    1.712293] Scanning for low memory corruption every 60 seconds
[    1.715685] audit: initializing netlink subsys (disabled)
[    1.718159] audit: type=2000 audit(1574868604.279:1): initialized
[    1.721331] Initialise system trusted keyring
[    1.723589] HugeTLB registered 2 MB page size, pre-allocated 0 pages
[    1.730829] zbud: loaded
[    1.733186] VFS: Disk quotas dquot_6.6.0
[    1.735204] VFS: Dquot-cache hash table entries: 512 (order 0, 4096 bytes)
[    1.738598] squashfs: version 4.0 (2009/01/31) Phillip Lougher
[    1.741633] fuse init (API version 7.23)
[    1.743814] Key type big_key registered
[    1.745704] Allocating IMA MOK and blacklist keyrings.
[    1.749361] Key type asymmetric registered
[    1.751433] Asymmetric key parser 'x509' registered
[    1.753981] Block layer SCSI generic (bsg) driver version 0.4 loaded (major 249)
[    1.757820] io scheduler noop registered
[    1.759736] io scheduler deadline registered (default)
[    1.762234] io scheduler cfq registered
[    1.764551] pci_hotplug: PCI Hot Plug PCI Core version: 0.5
[    1.767656] pciehp: PCI Express Hot Plug Controller Driver version: 0.4
[    1.770597] ACPI: AC Adapter [AC] (on-line)
[    1.772761] input: Power Button as /devices/LNXSYSTM:00/LNXPWRBN:00/input/input0
[    1.776586] ACPI: Power Button [PWRF]
[    1.778591] input: Sleep Button as /devices/LNXSYSTM:00/LNXSLPBN:00/input/input1
[    1.782510] ACPI: Sleep Button [SLPF]
[    1.784775] GHES: HEST is not enabled!
[    1.788195] ACPI: Battery Slot [BAT0] (battery present)
[    1.790497] Serial: 8250/16550 driver, 32 ports, IRQ sharing enabled
[    1.814395] 00:02: ttyS0 at I/O 0x3f8 (irq = 4, base_baud = 115200) is a 16550A
[    1.820705] Linux agpgart interface v0.103
[    1.825081] loop: module loaded
[    1.828078] scsi host0: ata_piix
[    1.830026] scsi host1: ata_piix
[    1.831839] ata1: PATA max UDMA/33 cmd 0x1f0 ctl 0x3f6 bmdma 0xd000 irq 14
[    1.834853] ata2: PATA max UDMA/33 cmd 0x170 ctl 0x376 bmdma 0xd008 irq 15
[    1.839182] libphy: Fixed MDIO Bus: probed
[    1.841821] tun: Universal TUN/TAP device driver, 1.6
[    1.844634] tun: (C) 1999-2004 Max Krasnyansky <maxk@qualcomm.com>
[    1.847886] PPP generic driver version 2.4.2
[    1.850360] ehci_hcd: USB 2.0 'Enhanced' Host Controller (EHCI) Driver
[    1.854143] ehci-pci: EHCI PCI platform driver
[    1.856976] ehci-platform: EHCI generic platform driver
[    1.859922] ohci_hcd: USB 1.1 'Open' Host Controller (OHCI) Driver
[    1.863198] ohci-pci: OHCI PCI platform driver
[    1.865757] ohci-platform: OHCI generic platform driver
[    1.868010] uhci_hcd: USB Universal Host Controller Interface driver
[    1.870834] i8042: PNP: PS/2 Controller [PNP0303:PS2K,PNP0f03:PS2M] at 0x60,0x64 irq 1,12
[    1.875549] serio: i8042 KBD port at 0x60,0x64 irq 1
[    1.877787] serio: i8042 AUX port at 0x60,0x64 irq 12
[    1.880330] mousedev: PS/2 mouse device common for all mice
[    1.884101] rtc_cmos rtc_cmos: rtc core: registered rtc_cmos as rtc0
[    1.886966] input: AT Translated Set 2 keyboard as /devices/platform/i8042/serio0/input/input2
[    1.891213] rtc_cmos rtc_cmos: alarms up to one day, 114 bytes nvram
[    1.893917] i2c /dev entries driver
[    1.895918] device-mapper: uevent: version 1.0.3
[    1.898307] device-mapper: ioctl: 4.34.0-ioctl (2015-10-28) initialised: dm-devel@redhat.com
[    1.902424] ledtrig-cpu: registered to indicate activity on CPUs
[    1.905946] NET: Registered protocol family 10
[    1.908418] NET: Registered protocol family 17
[    1.910434] Key type dns_resolver registered
[    1.913439] registered taskstats version 1
[    1.915780] Loading compiled-in X.509 certificates
[    1.918812] Loaded X.509 cert 'Build time autogenerated kernel key: bdcb03bd89688fd1ecb3c1b37e77d69239145881'
[    1.923364] zswap: loaded using pool lzo/zbud
[    1.928788] Key type trusted registered
[    1.936647] Key type encrypted registered
[    1.938590] AppArmor: AppArmor sha1 policy hashing enabled
[    1.941084] ima: No TPM chip found, activating TPM-bypass!
[    1.943563] ima: Allocated hash algorithm: sha1
[    1.945710] evm: HMAC attrs: 0x1
[    1.947968]   Magic number: 11:577:488
[    1.949837] regulator regulator.0: hash matches
[    1.952289] rtc_cmos rtc_cmos: setting system clock to 2019-11-27 15:29:56 UTC (1574868596)
[    1.956389] BIOS EDD facility v0.16 2004-Jun-25, 0 devices found
[    1.958921] EDD information not available.
[    2.013039] Freeing unused kernel memory: 1488K
[    2.015296] Write protecting the kernel read-only data: 14336k
[    2.018943] Freeing unused kernel memory: 1608K
[    2.021562] Freeing unused kernel memory: 64K
Loading, please wait...
starting version 229
[    2.043999] random: systemd-udevd: uninitialized urandom read (16 bytes read, 3 bits of entropy available)
[    2.044803] random: udevadm: uninitialized urandom read (16 bytes read, 3 bits of entropy available)
[    2.044837] random: udevadm: uninitialized urandom read (16 bytes read, 3 bits of entropy available)
[    2.060439] random: systemd-udevd: uninitialized urandom read (16 bytes read, 3 bits of entropy available)
[    2.066026] random: systemd-udevd: uninitialized urandom read (16 bytes read, 3 bits of entropy available)
[    2.069653] random: udevadm: uninitialized urandom read (16 bytes read, 3 bits of entropy available)
[    2.069734] random: udevadm: uninitialized urandom read (16 bytes read, 3 bits of entropy available)
[    2.070055] random: udevadm: uninitialized urandom read (16 bytes read, 3 bits of entropy available)
[    2.070158] random: udevadm: uninitialized urandom read (16 bytes read, 3 bits of entropy available)
[    2.070262] random: udevadm: uninitialized urandom read (16 bytes read, 3 bits of entropy available)
[    2.151983] e1000: Intel(R) PRO/1000 Network Driver - version 7.3.21-k8-NAPI
[    2.155574] e1000: Copyright (c) 1999-2006 Intel Corporation.
[    2.163400] Fusion MPT base driver 3.04.20
[    2.165777] Copyright (c) 1999-2008 LSI Corporation
[    2.176230] Fusion MPT SPI Host driver 3.04.20
[    2.209857] AVX version of gcm_enc/dec engaged.
[    2.212665] AES CTR mode by8 optimization enabled
[    2.362908] input: ImExPS/2 Generic Explorer Mouse as /devices/platform/i8042/serio1/input/input4
[    2.677898] e1000 0000:00:03.0 eth0: (PCI:33MHz:32-bit) 02:21:78:00:d6:19
[    2.680688] e1000 0000:00:03.0 eth0: Intel(R) PRO/1000 Network Connection
[    2.685166] mptbase: ioc0: Initiating bringup
[    2.686598] e1000 0000:00:03.0 enp0s3: renamed from eth0
[    2.756901] ioc0: LSI53C1030 A0: Capabilities={Initiator}
[    2.934406] scsi host2: ioc0: LSI53C1030 A0, FwRev=00000000h, Ports=1, MaxQ=256, IRQ=20
[    3.057346] scsi 2:0:0:0: Direct-Access     VBOX     HARDDISK         1.0  PQ: 0 ANSI: 5
[    3.067615] scsi target2:0:0: Beginning Domain Validation
[    3.078863] scsi target2:0:0: Domain Validation skipping write tests
[    3.086300] scsi target2:0:0: Ending Domain Validation
[    3.092560] scsi target2:0:0: asynchronous
[    3.140849] scsi 2:0:1:0: Direct-Access     VBOX     HARDDISK         1.0  PQ: 0 ANSI: 5
[    3.144649] scsi target2:0:1: Beginning Domain Validation
[    3.149009] scsi target2:0:1: Domain Validation skipping write tests
[    3.151547] scsi target2:0:1: Ending Domain Validation
[    3.153891] scsi target2:0:1: asynchronous
[    3.165230] sd 2:0:0:0: [sda] 20971520 512-byte logical blocks: (10.7 GB/10.0 GiB)
[    3.169252] sd 2:0:0:0: [sda] Write Protect is off
[    3.171770] sd 2:0:0:0: [sda] Incomplete mode parameter data
[    3.174210] sd 2:0:0:0: [sda] Assuming drive cache: write through
[    3.176961] sd 2:0:0:0: Attached scsi generic sg0 type 0
[    3.181030] sd 2:0:1:0: [sdb] 20480 512-byte logical blocks: (10.5 MB/10.0 MiB)
[    3.185054] sd 2:0:1:0: [sdb] Write Protect is off
[    3.188224] sd 2:0:1:0: Attached scsi generic sg1 type 0
[    3.190866]  sda: sda1
[    3.191214] sd 2:0:1:0: [sdb] Incomplete mode parameter data
[    3.191217] sd 2:0:1:0: [sdb] Assuming drive cache: write through
[    3.199279] sd 2:0:0:0: [sda] Attached SCSI disk
[    3.217352] sd 2:0:1:0: [sdb] Attached SCSI disk
Begin: Loading essential drivers ... [    5.401909] md: linear personality registered for level -1
[    5.408939] md: multipath personality registered for level -4
[    5.415805] md: raid0 personality registered for level 0
[    5.425056] md: raid1 personality registered for level 1
[    5.503944] raid6: sse2x1   gen()  2037 MB/s
[    5.571338] raid6: sse2x1   xor()  1632 MB/s
[    5.643546] raid6: sse2x2   gen()  3930 MB/s
[    5.711871] raid6: sse2x2   xor()  2935 MB/s
[    5.779173] raid6: sse2x4   gen()  6813 MB/s
[    5.847566] raid6: sse2x4   xor()  3424 MB/s
[    5.849555] raid6: using algorithm sse2x4 gen() 6813 MB/s
[    5.851910] raid6: .... xor() 3424 MB/s, rmw enabled
[    5.854044] raid6: using ssse3x2 recovery algorithm
[    5.857869] xor: automatically using best checksumming function:
[    5.899230]    avx       : 17078.000 MB/sec
[    5.904862] async_tx: api initialized (async)
[    5.930770] md: raid6 personality registered for level 6
[    5.934028] md: raid5 personality registered for level 5
[    5.937298] md: raid4 personality registered for level 4
[    5.953940] md: raid10 personality registered for level 10
done.
Begin: Running /scripts/init-premount ... done.
Begin: Mounting root file system ... Begin: Running /scripts/local-top ... done.
Begin: Running /scripts/local-premount ... [    6.035056] Btrfs loaded
Scanning for Btrfs filesystems
done.
Warning: fsck not present, so skipping root file system
[    6.291465] EXT4-fs (sda1): mounted filesystem with ordered data mode. Opts: (null)
done.
Begin: Running /scripts/local-bottom ... done.
Begin: Running /scripts/init-bottom ... done.
[    6.981104] random: nonblocking pool is initialized
[    7.004375] systemd[1]: systemd 229 running in system mode. (+PAM +AUDIT +SELINUX +IMA +APPARMOR +SMACK +SYSVINIT +UTMP +LIBCRYPTSETUP +GCRYPT +GNUTLS +ACL +XZ -LZ4 +SECCOMP +BLKID +ELFUTILS +KMOD -IDN)
[    7.011894] systemd[1]: Detected virtualization oracle.
[    7.014697] systemd[1]: Detected architecture x86-64.

Welcome to [1mUbuntu 16.04.6 LTS[0m!

[    7.069586] systemd[1]: Set hostname to <ubuntu>.
[    7.107991] systemd[1]: Initializing machine ID from random generator.
[    7.111506] systemd[1]: Installed transient /etc/machine-id file.
[    9.929051] systemd[1]: Reached target User and Group Name Lookups.
[[0;32m  OK  [0m] Reached target User and Group Name Lookups.
[    9.935954] systemd[1]: Listening on Journal Audit Socket.
[[0;32m  OK  [0m] Listening on Journal Audit Socket.
[    9.941612] systemd[1]: Listening on Device-mapper event daemon FIFOs.
[[0;32m  OK  [0m] Listening on Device-mapper event daemon FIFOs.
[    9.948015] systemd[1]: Listening on Journal Socket.
[[0;32m  OK  [0m] Listening on Journal Socket.
[    9.953474] systemd[1]: Listening on LVM2 metadata daemon socket.
[[0;32m  OK  [0m] Listening on LVM2 metadata daemon socket.
[    9.959755] systemd[1]: Reached target System Time Synchronized.
[[0;32m  OK  [0m] Reached target System Time Synchronized.
[    9.965762] systemd[1]: Reached target Swap.
[[0;32m  OK  [0m] Reached target Swap.
[    9.969272] systemd[1]: Listening on /dev/initctl Compatibility Named Pipe.
[[0;32m  OK  [0m] Listening on /dev/initctl Compatibility Named Pipe.
[    9.974058] systemd[1]: Started Forward Password Requests to Wall Directory Watch.
[[0;32m  OK  [0m] Started Forward Password Requests to Wall Directory Watch.
[    9.979795] systemd[1]: Listening on Journal Socket (/dev/log).
[[0;32m  OK  [0m] Listening on Journal Socket (/dev/log).
[    9.984095] systemd[1]: Started Trigger resolvconf update for networkd DNS.
[[0;32m  OK  [0m] Started Trigger resolvconf update for networkd DNS.
[    9.989261] systemd[1]: Reached target Encrypted Volumes.
[[0;32m  OK  [0m] Reached target Encrypted Volumes.
[    9.993995] systemd[1]: Listening on Syslog Socket.
[[0;32m  OK  [0m] Listening on Syslog Socket.
[    9.997879] systemd[1]: Listening on udev Control Socket.
[[0;32m  OK  [0m] Listening on udev Control Socket.
[   10.002524] systemd[1]: Created slice User and Session Slice.
[[0;32m  OK  [0m] Created slice User and Session Slice.
[   10.006805] systemd[1]: Listening on udev Kernel Socket.
[[0;32m  OK  [0m] Listening on udev Kernel Socket.
[   10.010999] systemd[1]: Set up automount Arbitrary Executable File Formats File System Automount Point.
[[0;32m  OK  [0m] Set up automount Arbitrary Executab...ats File System Automount Point.
[   10.017927] systemd[1]: Created slice System Slice.
[[0;32m  OK  [0m] Created slice System Slice.
[   10.022198] systemd[1]: Created slice system-serial\x2dgetty.slice.
[[0;32m  OK  [0m] Created slice system-serial\x2dgetty.slice.
[   10.040133] systemd[1]: Starting Uncomplicated firewall...
         Starting Uncomplicated firewall...
[   10.051851] systemd[1]: Reached target Slices.
[[0;32m  OK  [0m] Reached target Slices.
[   10.057840] systemd[1]: Mounting Huge Pages File System...
         Mounting Huge Pages File System...
[   10.071772] systemd[1]: Mounting POSIX Message Queue File System...
         Mounting POSIX Message Queue File System...
[   10.087652] systemd[1]: Starting Journal Service...
         Starting Journal Service...
[   10.212338] systemd[1]: Starting Load Kernel Modules...
         Starting Load Kernel Modules...
[   10.279828] systemd[1]: Mounting Debug File System...
         Mounting Debug File System...
[   10.298770] systemd[1]: Starting Monitoring of LVM2 mirrors, snapshots etc. using dmeventd or progress polling...
         Starting Monitoring of LVM2 mirrors... dmeventd or progress polling...
[   10.340023] systemd[1]: Starting Remount Root and Kernel File Systems...
         Starting Remount Root and Kernel File Systems...
[   10.348665] systemd[1]: Starting Nameserver information manager...
         Starting Nameserver information manager...
[   10.358198] systemd[1]: Starting Create list of required static device nodes for the current kernel...
         Starting Create list of required st... nodes for the current kernel...
[   10.368339] systemd[1]: Listening on LVM2 poll daemon socket.
[[0;32m  OK  [0m] Listening on LVM2 poll daemon socket.
[   10.376067] systemd[1]: Starting Set console keymap...
         Starting Set console keymap...
[   10.388648] systemd[1]: Mounted POSIX Message Queue File System.
[[0;32m  OK  [0m] Mounted POSIX Message Queue File System.
[   10.392529] systemd[1]: Mounted Debug File System.
[[0;32m  OK  [0m] Mounted Debug File System.
[   10.395878] systemd[1]: Mounted Huge Pages File System.
[[0;32m  OK  [0m] Mounted Huge Pages File System.
[   10.402722] systemd[1]: Started Uncomplicated firewall.
[[0;32m  OK  [0m] Started Uncomplicated firewall.
[   10.468890] EXT4-fs (sda1): re-mounted. Opts: (null)
[   10.482968] systemd[1]: Started Remount Root and Kernel File Systems.
[[0;32m  OK  [0m] Started Remount Root and Kernel File Systems.
[   10.550788] Loading iSCSI transport class v2.0-870.
[   10.575540] systemd[1]: Starting udev Coldplug all Devices...
         Starting udev Coldplug all Devices...
[   10.582831] systemd[1]: Starting Load/Save Random Seed...
         Starting Load/Save Random Seed...
[   10.589672] systemd[1]: Started Journal Service.
[[0;32m  OK  [0m] Started Journal Service.
[[0;32m  OK  [0m] Started Create list of required sta...ce nodes for the current kernel.
[[0;32m  OK  [0m] Started Nameserver information manager.
         Starting Create Static Device Nodes in /dev...
         Starting Flush Journal to Persistent Storage...
[   10.743958] iscsi: registered transport (tcp)
[[0;32m  OK  [0m] Started udev Coldplug all Devices.
[[0;32m  OK  [0m] Started Set console keymap.
[   10.902794] systemd-journald[371]: Received request to flush runtime journal from PID 1
[[0;32m  OK  [0m] Started Flush Journal to Persistent Storage.
[[0;32m  OK  [0m] Started Load/Save Random Seed.
[[0;32m  OK  [0m] Started LVM2 metadata daemon.
[   11.304323] iscsi: registered transport (iser)
[[0;32m  OK  [0m] Started Load Kernel Modules.
         Starting Apply Kernel Variables...
         Mounting FUSE Control File System...
[[0;32m  OK  [0m] Mounted FUSE Control File System.
[[0;32m  OK  [0m] Started Apply Kernel Variables.
[[0;32m  OK  [0m] Started Create Static Device Nodes in /dev.
         Starting udev Kernel Device Manager...
[[0;32m  OK  [0m] Started Monitoring of LVM2 mirrors,...ng dmeventd or progress polling.
[[0;32m  OK  [0m] Reached target Local File Systems (Pre).
[[0;32m  OK  [0m] Reached target Local File Systems.
         Starting Set console font and keymap...
         Starting LSB: AppArmor initialization...
         Starting Tell Plymouth To Write Out Runtime Data...
         Starting Initial cloud-init job (pre-networking)...
         Starting Commit a transient machine-id on disk...
         Starting Create Volatile Files and Directories...
[[0;32m  OK  [0m] Started Commit a transient machine-id on disk.
[[0;32m  OK  [0m] Started Create Volatile Files and Directories.
         Starting Update UTMP about System Boot/Shutdown...
[[0;32m  OK  [0m] Started Tell Plymouth To Write Out Runtime Data.
[[0;32m  OK  [0m] Started Update UTMP about System Boot/Shutdown.
[[0;32m  OK  [0m] Started udev Kernel Device Manager.
[[0;32m  OK  [0m] Started Dispatch Password Requests to Console Directory Watch.
[[0;32m  OK  [0m] Found device /dev/ttyS0.
[[0;32m  OK  [0m] Listening on Load/Save RF Kill Switch Status /dev/rfkill Watch.
[[0;32m  OK  [0m] Started LSB: AppArmor initialization.
[[0;32m  OK  [0m] Started Set console font and keymap.
[[0;32m  OK  [0m] Created slice system-getty.slice.
[   23.049741] cloud-init[457]: Cloud-init v. 19.2-24-ge7881d5c-0ubuntu1~16.04.1 running 'init-local' at Wed, 27 Nov 2019 15:30:16 +0000. Up 21.40 seconds.
[[0;32m  OK  [0m] Started Initial cloud-init job (pre-networking).
[[0;32m  OK  [0m] Reached target Network (Pre).
         Starting Raise network interfaces...
[[0;32m  OK  [0m] Started Raise network interfaces.
         Starting Initial cloud-init job (metadata service crawler)...
[[0;32m  OK  [0m] Reached target Network.
[   26.842594] cloud-init[942]: Cloud-init v. 19.2-24-ge7881d5c-0ubuntu1~16.04.1 running 'init' at Wed, 27 Nov 2019 15:30:19 +0000. Up 24.30 seconds.
[   26.846486] cloud-init[942]: ci-info: ++++++++++++++++++++++++++++++++++++++Net device info++++++++++++++++++++++++++++++++++++++
[   26.850099] cloud-init[942]: ci-info: +--------+------+----------------------------+---------------+--------+-------------------+
[   26.853896] cloud-init[942]: ci-info: | Device |  Up  |          Address           |      Mask     | Scope  |     Hw-Address    |
[   26.865377] cloud-init[942]: ci-info: +--------+------+----------------------------+---------------+--------+-------------------+
[   26.869072] cloud-init[942]: ci-info: | enp0s3 | True |         10.0.2.15          | 255.255.255.0 | global | 02:21:78:00:d6:19 |
[   26.877002] cloud-init[942]: ci-info: | enp0s3 | True | fe80::21:78ff:fe00:d619/64 |       .       |  link  | 02:21:78:00:d6:19 |
[   26.880017] cloud-init[942]: ci-info: |   lo   | True |         127.0.0.1          |   255.0.0.0   |  host  |         .         |
[   26.883459] cloud-init[942]: ci-info: |   lo   | True |          ::1/128           |       .       |  host  |         .         |
[   26.886435] cloud-init[942]: ci-info: +--------+------+----------------------------+---------------+--------+-------------------+
[   26.892656] cloud-init[942]: ci-info: +++++++++++++++++++++++++++Route IPv4 info++++++++++++++++++++++++++++
[   26.901436] cloud-init[942]: ci-info: +-------+-------------+----------+---------------+-----------+-------+
[   26.904893] cloud-init[942]: ci-info: | Route | Destination | Gateway  |    Genmask    | Interface | Flags |
[   26.908148] cloud-init[942]: ci-info: +-------+-------------+----------+---------------+-----------+-------+
[   26.911912] cloud-init[942]: ci-info: |   0   |   0.0.0.0   | 10.0.2.2 |    0.0.0.0    |   enp0s3  |   UG  |
[   26.915288] cloud-init[942]: ci-info: |   1   |   10.0.2.0  | 0.0.0.0  | 255.255.255.0 |   enp0s3  |   U   |
[   26.918413] cloud-init[942]: ci-info: +-------+-------------+----------+---------------+-----------+-------+
[   26.921678] cloud-init[942]: ci-info: +++++++++++++++++++Route IPv6 info+++++++++++++++++++
[   26.924638] cloud-init[942]: ci-info: +-------+-------------+---------+-----------+-------+
[   26.927333] cloud-init[942]: ci-info: | Route | Destination | Gateway | Interface | Flags |
[   26.930293] cloud-init[942]: ci-info: +-------+-------------+---------+-----------+-------+
[   26.933361] cloud-init[942]: ci-info: |   0   |  fe80::/64  |    ::   |   enp0s3  |   U   |
[   26.936521] cloud-init[942]: ci-info: |   3   |   ff00::/8  |    ::   |   enp0s3  |   U   |
[   26.939458] cloud-init[942]: ci-info: +-------+-------------+---------+-----------+-------+
[   26.941875] cloud-init[942]: Generating public/private rsa key pair.
[   26.943879] cloud-init[942]: Your identification has been saved in /etc/ssh/ssh_host_rsa_key.
[   26.946471] cloud-init[942]: Your public key has been saved in /etc/ssh/ssh_host_rsa_key.pub.
[   26.949160] cloud-init[942]: The key fingerprint is:
[   26.951119] cloud-init[942]: SHA256:KwJO0iyyIelYOIz3AF3j8D1DDSEwP4Bm7x28Pjw3qz0 root@ubuntu-xenial
[   26.953979] cloud-init[942]: The key's randomart image is:
[   26.955796] cloud-init[942]: +---[RSA 2048]----+
[   26.957454] cloud-init[942]: | .=.+ ++         |
[   26.959217] cloud-init[942]: |.+ O =  .        |
[   26.960928] cloud-init[942]: |+ o * +          |
[   26.962565] cloud-init[942]: |o* . + o         |
[   26.964121] cloud-init[942]: |@.X . o S        |
[   26.965745] cloud-init[942]: |=@ = o   .       |
[   26.967419] cloud-init[942]: |o.. = . .        |
[   26.969275] cloud-init[942]: |     *.E         |
[   26.970965] cloud-init[942]: |     .=o+        |
[   26.972612] cloud-init[942]: +----[SHA256]-----+
[   26.974248] cloud-init[942]: Generating public/private dsa key pair.
[   26.976177] cloud-init[942]: Your identification has been saved in /etc/ssh/ssh_host_dsa_key.
[   26.978526] cloud-init[942]: Your public key has been saved in /etc/ssh/ssh_host_dsa_key.pub.
[   26.981185] cloud-init[942]: The key fingerprint is:
[   26.983158] cloud-init[942]: SHA256:9iTabrA1xhg9VxBiXgyM2gd1hbOCuHVhdF/921YiVq8 root@ubuntu-xenial
[   26.986130] cloud-init[942]: The key's randomart image is:
[   26.988256] cloud-init[942]: +---[DSA 1024]----+
[   26.990324] cloud-init[942]: |       =*o*=. .. |
[   26.992243] cloud-init[942]: |      oo+=+.... .|
[   26.994121] cloud-init[942]: |     + =.. +.. ..|
[   26.996033] cloud-init[942]: |    o = * o o . +|
[   26.998075] cloud-init[942]: |     o *S+.. . o+|
[   26.999988] cloud-init[942]: |    . o+=+    E.o|
[   27.001838] cloud-init[942]: |      .=...    . |
[   27.003692] cloud-init[942]: |      ...        |
[   27.005710] cloud-init[942]: |       ..        |
[   27.007550] cloud-init[942]: +----[SHA256]-----+
[   27.009412] cloud-init[942]: Generating public/private ecdsa key pair.
[   27.011706] cloud-init[942]: Your identification has been saved in /etc/ssh/ssh_host_ecdsa_key.
[   27.014517] cloud-init[942]: Your public key has been saved in /etc/ssh/ssh_host_ecdsa_key.pub.
[   27.017574] cloud-init[942]: The key fingerprint is:
[   27.019668] cloud-init[942]: SHA256:4YZR6PKLlSIP6WTKL5/j74y/6l2f+sZldQbiTxkw1gk root@ubuntu-xenial
[   27.022582] cloud-init[942]: The key's randomart image is:
[   27.024859] cloud-init[942]: +---[ECDSA 256]---+
[[0;32m  OK  [0m] Started Initial cloud-init job (metadata service crawler).
[[0;32m  OK  [0m] Reached target Cloud-config availability.
[[0;32m  OK  [0m] Reached target Network is Online.
[   27.029515] cloud-init[942]: |       ..  E+ .  |
[   27.035722] cloud-init[942]: |      ..  ...=   |
[   27.037837] cloud-init[942]: |     .. . . . +  |
[   27.039715] cloud-init[942]: |    . .+ . . + o |
[   27.041818] cloud-init[942]: |   . o..S   + o  |
[   27.043777] cloud-init[942]: |  * . +.   o .   |
[   27.045831] cloud-init[942]: |.= + + o. o      |
         Starting iSCSI initiator daemon (iscsid)...
[[0;32m  OK  [0m] Reached target System Initialization.
[   27.047828] cloud-init[942]: |.o..B o .o.      |
[   27.052931] cloud-init[942]: |  *O*B..++       |
[   27.055098] cloud-init[942]: +----[SHA256]-----+
[   27.057587] cloud-init[942]: Generating public/private ed25519 key pair.
[   27.065098] cloud-init[942]: Your identification has been saved in /etc/ssh/ssh_host_ed25519_key.
[   27.068218] cloud-init[942]: Your public key has been saved in /etc/ssh/ssh_host_ed25519_key.pub.
[   27.071335] cloud-init[942]: The key fingerprint is:
[   27.073640] cloud-init[942]: SHA256:13roxvNcHvOJ3j0foCdTwcJj9ULIT+C7X1bsMwV30HY root@ubuntu-xenial
[   27.076223] cloud-init[942]: The key's randomart image is:
[   27.084781] cloud-init[942]: +--[ED25519 256]--+
[   27.096745]          cloud-initStarting LXD - unix socket.[942]: 
|          ..oo.. |
[   27.100252]          Starting Socket activation for snappy daemon.
[[0;32m  OK  [0m] Listening on UUID daemon activation socket.
cloud-init[942]: |          oo+...E|
[   27.104985] [[0;32m  OK  [0m] Started Daily apt download activities.
[[0;32m  OK  [0m] Listening on ACPID Listen Socket.
[[0;32m  OK  [0m] Started Daily Cleanup of Temporary Directories.
[[0;32m  OK  [0m] Listening on D-Bus System Message Bus Socket.
[[0;32m  OK  [0m] Started Daily apt upgrade and clean activities.
[[0;32m  OK  [0m] Reached target Timers.
cloud-init[942]: |           *o+.o+|
[   27.117029] cloud-init[942]: |          ..+.o+.|
[   27.120070] cloud-init[942]: |        S ...o  +|
[   27.123265] cloud-init[942]: |         . o+ ..o|
[[0;32m  OK  [0m] Started ACPI Events Check.
[[0;32m  OK  [0m] Reached target Paths.
[[0;32m  OK  [0m] Listening on LXD - unix socket.
[[0;32m  OK  [0m] Listening on Socket activation for snappy daemon.
[   27.127870] cloud-init[942]: |         .o=..+*.|
[   27.140811] cloud-init[942]: |         .+o=o==*|
[   27.143610] cloud-init[942]: |         ..o++.o*|
[   27.146398] cloud-init[942]: +----[SHA256]-----+
[[0;32m  OK  [0m] Reached target Sockets.
[[0;32m  OK  [0m] Reached target Basic System.
         Starting /etc/rc.local Compatibility...
         Starting Pollinate to seed the pseudo random number generator...
         Starting LSB: MD monitoring daemon...
         Starting Accounts Service...
         Starting Virtualbox guest utils...
         Starting Snappy daemon...
[[0;32m  OK  [0m] Started D-Bus System Message Bus.
         Starting Login Service...
         Starting System Logging Service...
         Starting LXD - container startup/shutdown...
[[0;32m  OK  [0m] Started ACPI event daemon.
[[0;32m  OK  [0m] Started FUSE filesystem for LXC.
[[0;32m  OK  [0m] Started Regular background program processing daemon.
[[0;32m  OK  [0m] Started Deferred execution scheduler.
         Starting LSB: Record successful boot for GRUB...
[[0;32m  OK  [0m] Started /etc/rc.local Compatibility.
[[0;32m  OK  [0m] Started iSCSI initiator daemon (iscsid).
         Starting Login to default iSCSI targets...
[[0;32m  OK  [0m] Started Login Service.
[[0;32m  OK  [0m] Started Unattended Upgrades Shutdown.
[[0;32m  OK  [0m] Started LSB: MD monitoring daemon.
[[0;32m  OK  [0m] Started System Logging Service.
         Starting Authenticate and Authorize Users to Run Privileged Tasks...
[[0;32m  OK  [0m] Started LSB: Record successful boot for GRUB.
[[0;32m  OK  [0m] Started Login to default iSCSI targets.
[[0;32m  OK  [0m] Reached target Remote File Systems (Pre).
[[0;32m  OK  [0m] Reached target Remote File Systems.
         Starting Permit User Sessions...
         Starting LSB: Set the CPU Frequency Scaling governor to "ondemand"...
         Starting LSB: daemon to balance interrupts for SMP systems...
         Starting LSB: automatic crash report generation...
[[0;32m  OK  [0m] Started LSB: Set the CPU Frequency Scaling governor to "ondemand".
[[0;32m  OK  [0m] Started Permit User Sessions.
         Starting Terminate Plymouth Boot Screen...
         Starting Hold until boot process finishes up...
[[0;32m  OK  [0m] Started Hold until boot process finishes up.
[[0;32m  OK  [0m] Started Terminate Plymouth Boot Screen.
[[0;32m  OK  [0m] Started Getty on tty1.
         Starting Set console scheme...
[[0;32m  OK  [0m] Started Serial Getty on ttyS0.
[[0;32m  OK  [0m] Reached target Login Prompts.
[[0;32m  OK  [0m] Started LSB: daemon to balance interrupts for SMP systems.
[[0;32m  OK  [0m] Started LSB: automatic crash report generation.
[[0;32m  OK  [0m] Started Set console scheme.
[[0;32m  OK  [0m] Started Authenticate and Authorize Users to Run Privileged Tasks.
[[0;32m  OK  [0m] Started Accounts Service.
[[0;32m  OK  [0m] Started Virtualbox guest utils.

Ubuntu 16.04.6 LTS ubuntu-xenial ttyS0

ubuntu-xenial login: [   45.796584] cloud-init[1406]: Generating locales (this might take a while)...
[   48.944982] cloud-init[1406]:   en_US.UTF-8... done
[   48.946895] cloud-init[1406]: Generation complete.
[   50.390033] cloud-init[1406]: Cloud-init v. 19.2-24-ge7881d5c-0ubuntu1~16.04.1 running 'modules:config' at Wed, 27 Nov 2019 15:30:40 +0000. Up 45.14 seconds.
ci-info: no authorized ssh keys fingerprints found for user ubuntu.
<14>Nov 27 15:30:47 ec2: 
<14>Nov 27 15:30:47 ec2: #############################################################
<14>Nov 27 15:30:47 ec2: -----BEGIN SSH HOST KEY FINGERPRINTS-----
<14>Nov 27 15:30:47 ec2: 1024 SHA256:9iTabrA1xhg9VxBiXgyM2gd1hbOCuHVhdF/921YiVq8 root@ubuntu-xenial (DSA)
<14>Nov 27 15:30:47 ec2: 256 SHA256:4YZR6PKLlSIP6WTKL5/j74y/6l2f+sZldQbiTxkw1gk root@ubuntu-xenial (ECDSA)
<14>Nov 27 15:30:47 ec2: 256 SHA256:13roxvNcHvOJ3j0foCdTwcJj9ULIT+C7X1bsMwV30HY root@ubuntu-xenial (ED25519)
<14>Nov 27 15:30:47 ec2: 2048 SHA256:KwJO0iyyIelYOIz3AF3j8D1DDSEwP4Bm7x28Pjw3qz0 root@ubuntu-xenial (RSA)
<14>Nov 27 15:30:47 ec2: -----END SSH HOST KEY FINGERPRINTS-----
<14>Nov 27 15:30:47 ec2: #############################################################
-----BEGIN SSH HOST KEY KEYS-----
ecdsa-sha2-nistp256 AAAAE2VjZHNhLXNoYTItbmlzdHAyNTYAAAAIbmlzdHAyNTYAAABBBM7mYB5U/jrLhdnu4YlXcjsfDf5VrdtYC0J3OEm/9yDAiEPGIskhx+CFNLgReF95i+xr19rTg+AOkxlHnz9n5dI= root@ubuntu-xenial
ssh-ed25519 AAAAC3NzaC1lZDI1NTE5AAAAIGhAuACjKs6iGovE/EG1HSqpHiQhiGuBa0ovWqi3CEov root@ubuntu-xenial
ssh-rsa AAAAB3NzaC1yc2EAAAADAQABAAABAQCbs/0MoVRWrZCedhWldWLtPYTiTBQmkhrQC26L3M1Gq9Alc7Ks9j85kKYuHHP9BOwDM39ecke8rOvhQrFmXAtC6dwWgeEiCNghErYvpFMH4l8t3qmknptk7Emiuio+k0gDDG14oSyKfc0Jur7d9oTrOPd/tk8CjDhdCTxltYv+xtZ1i+aeF0PTvthKuJrs/m/af9xg1a/tjfGVElCJaWZF/rybg9QxNN76ViC+5KQ8IWx6t/2XZQe9NAImIDEe4oWKLQHH5A01DopY5heX/CcIhoGqNzYeZFM4zqa57MIohBXilOgBnC63C6N9kyVzR5t1mPH0b6iNuMJ3l7X0CtVp root@ubuntu-xenial
-----END SSH HOST KEY KEYS-----
[   52.396765] cloud-init[1611]: Cloud-init v. 19.2-24-ge7881d5c-0ubuntu1~16.04.1 running 'modules:final' at Wed, 27 Nov 2019 15:30:46 +0000. Up 51.34 seconds.
[   52.401147] cloud-init[1611]: ci-info: no authorized ssh keys fingerprints found for user ubuntu.
[   52.404337] cloud-init[1611]: Cloud-init v. 19.2-24-ge7881d5c-0ubuntu1~16.04.1 finished at Wed, 27 Nov 2019 15:30:47 +0000. Datasource DataSourceNoCloud [seed=/dev/sdb][dsmode=net].  Up 52.37 seconds
